1700037719149	geckodriver	INFO	Listening on 127.0.0.1:52226
1700037722225	mozrunner::runner	INFO	Running command: "C:\\Program Files\\Mozilla Firefox\\firefox.exe" "--marionette" "--incognito" "--remote-debugging-port" "52 ...  "--remote-allow-hosts" "localhost" "-no-remote" "-profile" "C:\\Users\\RIANC~1\\AppData\\Local\\Temp\\rust_mozprofiledG4IVQ"
console.warn: services.settings: Ignoring preference override of remote settings server
console.warn: services.settings: Allow by setting MOZ_REMOTE_SETTINGS_DEVTOOLS=1 in the environment
1700037722464	Marionette	INFO	Marionette enabled
Dynamically enable window occlusion 0
console.error: "Warning: unrecognized command line flag" "-incognito"
1700037722517	Marionette	INFO	Listening on port 52243
WebDriver BiDi listening on ws://127.0.0.1:52227
Read port: 52243
1700037722656	RemoteAgent	WARN	TLS certificate errors will be ignored for this session
DevTools listening on ws://127.0.0.1:52227/devtools/browser/b54f0bd5-3e34-44e2-83a2-5e87f2c0b0d3
console.warn: LoginRecipes: "Falling back to a synchronous message for: https://uji.sicantik.go.id."
console.warn: LoginRecipes: "Falling back to a synchronous message for: https://uji.sicantik.go.id."
1700037752471	addons.xpi	ERROR	System addon update list error SyntaxError: XMLHttpRequest.open: 'http://%(server)s/dummy-system-addons.xml' is not a valid URL.
1700037752781	Marionette	INFO	Stopped listening on port 52243
Dynamically enable window occlusion 1
console.error: (new AbortError("IndexedDB: main/doh-providers list() IndexedDB:  execute() A request was aborted, for example through a call to IDBTransaction.abort.", "resource://services-settings/IDBHelpers.sys.mjs", 16))
console.error: services.settings: 
  Message: NetworkError: Network error: TypeError: NetworkError: Network request failed
  Stack:
    APIError@resource://services-settings/RemoteSettingsClient.sys.mjs:107:1
NetworkError@resource://services-settings/RemoteSettingsClient.sys.mjs:111:5
_adjustedError@resource://services-settings/RemoteSettingsClient.sys.mjs:907:14
maybeSync@resource://services-settings/RemoteSettingsClient.sys.mjs:812:38
observe@resource://gre/modules/AsyncShutdown.sys.mjs:573:17

console.error: (new Error("IndexedDB: main/ms-language-packs getLastModified() IndexedDB:  execute() The application is shutting down", "resource://services-settings/IDBHelpers.sys.mjs", 16))
